<?xml version="1.0" encoding="UTF-8"?>
<!-- Generated by org.testng.reporters.JUnitReportReporter -->
<testsuite hostname="DESKTOP-1UIQG5E" failures="0" tests="2" name="TestNGWork.NewTest" time="0.005" errors="0" timestamp="2023-06-15T12:22:09 IST" skipped="0">
  <testcase classname="TestNGWork.NewTest" name="b" time="0.004"/>
  <system-out/>
  <testcase classname="TestNGWork.NewTest" name="a" time="0.001"/>
  <system-out/>
</testsuite> <!-- TestNGWork.NewTest -->
