<?xml version="1.0" encoding="UTF-8"?>
<!-- Generated by org.testng.reporters.JUnitReportReporter -->
<testsuite hostname="DESKTOP-1UIQG5E" failures="0" tests="1" name="Robot.Roboteg" time="22.345" errors="0" timestamp="2023-07-21T16:17:33 IST" skipped="0">
  <testcase classname="Robot.Roboteg" name="Robot" time="22.345"/>
  <system-out/>
</testsuite> <!-- Robot.Roboteg -->
