<?xml version="1.0" encoding="UTF-8"?>
<!-- Generated by org.testng.reporters.JUnitReportReporter -->
<testsuite hostname="DESKTOP-1UIQG5E" failures="0" tests="2" name="Tests.GridEx" time="2.893" errors="0" timestamp="2023-07-19T11:14:57 IST" skipped="0">
  <testcase classname="Tests.GridEx" name="test01" time="1.322"/>
  <system-out/>
  <testcase classname="Tests.GridEx" name="test01" time="1.571"/>
  <system-out/>
</testsuite> <!-- Tests.GridEx -->
