<?xml version="1.0" encoding="UTF-8"?>
<!-- Generated by org.testng.reporters.JUnitReportReporter -->
<testsuite hostname="DESKTOP-1UIQG5E" failures="0" tests="4" name="TestNGWork.NewTest2" time="0.010" errors="0" timestamp="2023-06-13T11:50:00 IST" skipped="0">
  <testcase classname="TestNGWork.NewTest2" name="logout" time="0.001"/>
  <system-out/>
  <testcase classname="TestNGWork.NewTest2" name="login" time="0.006"/>
  <system-out/>
  <testcase classname="TestNGWork.NewTest2" name="dashboard" time="0.002"/>
  <system-out/>
  <testcase classname="TestNGWork.NewTest2" name="user" time="0.001"/>
  <system-out/>
</testsuite> <!-- TestNGWork.NewTest2 -->
