<?xml version="1.0" encoding="UTF-8"?>
<!-- Generated by org.testng.reporters.JUnitReportReporter -->
<testsuite hostname="DESKTOP-1UIQG5E" failures="0" tests="1" name="RedBus.Redbus" time="16.033" errors="0" timestamp="2023-07-06T16:45:13 IST" skipped="0">
  <testcase classname="RedBus.Redbus" name="test" time="16.033"/>
  <system-out/>
</testsuite> <!-- RedBus.Redbus -->
