<?xml version="1.0" encoding="UTF-8"?>
<!-- Generated by org.testng.reporters.JUnitReportReporter -->
<testsuite hostname="DESKTOP-1UIQG5E" failures="0" tests="2" name="Parameter.Parameterization" time="11.136" errors="0" timestamp="2023-07-12T12:28:38 IST" skipped="0">
  <testcase classname="Parameter.Parameterization" name="initialization" time="6.002"/>
  <system-out/>
  <testcase classname="Parameter.Parameterization" name="initialization" time="5.134"/>
  <system-out/>
</testsuite> <!-- Parameter.Parameterization -->
